#
# A fatal error has been detected by the Java Runtime Environment:
#
#  EXCEPTION_ACCESS_VIOLATION (0xc0000005) at pc=0x000000007742e4e4, pid=4288, tid=5796
#
# JRE version: 7.0_15-b03
# Java VM: Java HotSpot(TM) 64-Bit Server VM (23.7-b01 mixed mode windows-amd64 compressed oops)
# Problematic frame:
# C  [ntdll.dll+0x4e4e4]  RtlDeNormalizeProcessParams+0x5a4
#
# Failed to write core dump. Minidumps are not enabled by default on client versions of Windows
#
# If you would like to submit a bug report, please visit:
#   http://bugreport.sun.com/bugreport/crash.jsp
# The crash happened outside the Java Virtual Machine in native code.
# See problematic frame for where to report the bug.
#

---------------  T H R E A D  ---------------

Current thread (0x0000000012b82800):  JavaThread "AWT-EventQueue-0" [_thread_in_native, id=5796, stack(0x0000000015be0000,0x0000000015ce0000)]

siginfo: ExceptionCode=0xc0000005, writing address 0x0000000000000024

Registers:
RAX=0x0000000000000000, RBX=0x0000000013fb1308, RCX=0x00000000fffffffc, RDX=0x00000000000003f4
RSP=0x0000000015cdd980, RBP=0x0000000000000000, RSI=0x00000000000003f4, RDI=0x0000000000000000
R8 =0x0000000015cdd938, R9 =0x0000000000000004, R10=0x0000000000000000, R11=0x0000000000000246
R12=0x0000000000000000, R13=0x0000000000000000, R14=0x000007fffff8a000, R15=0x0000000000000000
RIP=0x000000007742e4e4, EFLAGS=0x0000000000010213

Top of Stack: (sp=0x0000000015cdd980)
0x0000000015cdd980:   0000000012b82800 00000000000003f4
0x0000000015cdd990:   0000000000000000 000000000000000e
0x0000000015cdd9a0:   0000000015cdd4d0 000000006ec25f32
0x0000000015cdd9b0:   0000000000000000 000000006ecfb349
0x0000000015cdd9c0:   0000000010bed370 000000006ef87a88
0x0000000015cdd9d0:   000000000208b060 000000006ec20a15
0x0000000015cdd9e0:   0000000012b82800 0000000015cdd890
0x0000000015cdd9f0:   0000000000000005 0000000052905f77
0x0000000015cdda00:   0000000012b82800 0000000015cddbb0
0x0000000015cdda10:   0000000000000004 0000000000000001
0x0000000015cdda20:   00000000ff000000 000000007742e40b
0x0000000015cdda30:   0000000600000000 0000000000000000
0x0000000015cdda40:   00000006fd17fae8 0000000013fb1308
0x0000000015cdda50:   0000000013fb1308 000007fef80a2b5c
0x0000000015cdda60:   0000000000010001 0000000012bebc10
0x0000000015cdda70:   0000000013fb1300 00000006fcf89d79 

Instructions: (pc=0x000000007742e4e4)
0x000000007742e4c4:   0f b1 4b 08 0f 85 9b 47 fd ff 48 8b 03 4c 89 ac
0x000000007742e4d4:   24 c0 00 00 00 33 ed 45 33 ed 48 83 f8 ff 74 03
0x000000007742e4e4:   ff 40 24 ba 22 17 00 00 48 8d 3d 9d 8f 0e 00 80
0x000000007742e4f4:   3c 25 82 03 fe 7f 00 0f 85 b3 bd 01 00 48 83 fe 


Register to memory mapping:

RAX=0x0000000000000000 is an unknown value
RBX=0x0000000013fb1308 is an unknown value
RCX=0x00000000fffffffc is an unknown value
RDX=0x00000000000003f4 is an unknown value
RSP=0x0000000015cdd980 is pointing into the stack for thread: 0x0000000012b82800
RBP=0x0000000000000000 is an unknown value
RSI=0x00000000000003f4 is an unknown value
RDI=0x0000000000000000 is an unknown value
R8 =0x0000000015cdd938 is pointing into the stack for thread: 0x0000000012b82800
R9 =0x0000000000000004 is an unknown value
R10=0x0000000000000000 is an unknown value
R11=0x0000000000000246 is an unknown value
R12=0x0000000000000000 is an unknown value
R13=0x0000000000000000 is an unknown value
R14=0x000007fffff8a000 is an unknown value
R15=0x0000000000000000 is an unknown value


Stack: [0x0000000015be0000,0x0000000015ce0000],  sp=0x0000000015cdd980,  free space=1014k
Native frames: (J=compiled Java code, j=interpreted, Vv=VM code, C=native code)
C  [ntdll.dll+0x4e4e4]  RtlDeNormalizeProcessParams+0x5a4

[error occurred during error reporting (printing native stack), id 0xc0000005]

Java frames: (J=compiled Java code, j=interpreted, Vv=VM code)
j  sun.java2d.d3d.D3DSurfaceData.initOps(III)V+0
j  sun.java2d.d3d.D3DSurfaceData.<init>(Lsun/awt/windows/WComponentPeer;Lsun/java2d/d3d/D3DGraphicsConfig;IILjava/awt/Image;Ljava/awt/image/ColorModel;IILsun/java2d/pipe/hw/ExtendedBufferCapabilities$VSyncType;I)V+76
j  sun.java2d.d3d.D3DSurfaceData.createData(Lsun/awt/windows/WComponentPeer;Ljava/awt/Image;)Lsun/java2d/d3d/D3DSurfaceData;+117
j  sun.java2d.d3d.D3DVolatileSurfaceManager.initAcceleratedSurface()Lsun/java2d/SurfaceData;+59
j  sun.java2d.d3d.D3DVolatileSurfaceManager.restoreAcceleratedSurface()V+62
j  sun.awt.image.VolatileSurfaceManager.validate(Ljava/awt/GraphicsConfiguration;)I+94
j  sun.awt.image.SunVolatileImage.validate(Ljava/awt/GraphicsConfiguration;)I+5
j  java.awt.Component$FlipBufferStrategy.revalidate(Z)V+82
j  java.awt.Component$FlipBufferStrategy.revalidate()V+2
j  java.awt.Component$FlipBufferStrategy.getDrawGraphics()Ljava/awt/Graphics;+1
j  GameWindow$GameCanvas.update(Ljava/awt/Graphics;)V+16
j  sun.awt.RepaintArea.updateComponent(Ljava/awt/Component;Ljava/awt/Graphics;)V+6
j  sun.awt.RepaintArea.paint(Ljava/lang/Object;Z)V+263
j  sun.awt.windows.WComponentPeer.handleEvent(Ljava/awt/AWTEvent;)V+155
j  java.awt.Component.dispatchEventImpl(Ljava/awt/AWTEvent;)V+869
j  java.awt.Component.dispatchEvent(Ljava/awt/AWTEvent;)V+2
j  java.awt.EventQueue.dispatchEventImpl(Ljava/awt/AWTEvent;Ljava/lang/Object;)V+41
j  java.awt.EventQueue.access$200(Ljava/awt/EventQueue;Ljava/awt/AWTEvent;Ljava/lang/Object;)V+3
j  java.awt.EventQueue$3.run()Ljava/lang/Void;+12
j  java.awt.EventQueue$3.run()Ljava/lang/Object;+1
v  ~StubRoutines::call_stub
j  java.security.AccessController.doPrivileged(Ljava/security/PrivilegedAction;Ljava/security/AccessControlContext;)Ljava/lang/Object;+0
j  java.security.ProtectionDomain$1.doIntersectionPrivilege(Ljava/security/PrivilegedAction;Ljava/security/AccessControlContext;Ljava/security/AccessControlContext;)Ljava/lang/Object;+28
j  java.security.ProtectionDomain$1.doIntersectionPrivilege(Ljava/security/PrivilegedAction;Ljava/security/AccessControlContext;)Ljava/lang/Object;+6
j  java.awt.EventQueue$4.run()Ljava/lang/Void;+11
j  java.awt.EventQueue$4.run()Ljava/lang/Object;+1
v  ~StubRoutines::call_stub
j  java.security.AccessController.doPrivileged(Ljava/security/PrivilegedAction;Ljava/security/AccessControlContext;)Ljava/lang/Object;+0
j  java.security.ProtectionDomain$1.doIntersectionPrivilege(Ljava/security/PrivilegedAction;Ljava/security/AccessControlContext;Ljava/security/AccessControlContext;)Ljava/lang/Object;+28
j  java.awt.EventQueue.dispatchEvent(Ljava/awt/AWTEvent;)V+73
j  java.awt.EventDispatchThread.pumpOneEventForFilters(I)V+245
j  java.awt.EventDispatchThread.pumpEventsForFilter(ILjava/awt/Conditional;Ljava/awt/EventFilter;)V+35
j  java.awt.EventDispatchThread.pumpEventsForHierarchy(ILjava/awt/Conditional;Ljava/awt/Component;)V+11
j  java.awt.EventDispatchThread.pumpEvents(ILjava/awt/Conditional;)V+4
j  java.awt.EventDispatchThread.pumpEvents(Ljava/awt/Conditional;)V+3
j  java.awt.EventDispatchThread.run()V+9
v  ~StubRoutines::call_stub

---------------  P R O C E S S  ---------------

Java Threads: ( => current thread )
  0x0000000012bd8800 JavaThread "SIGINT handler" daemon [_thread_blocked, id=6660, stack(0x0000000016dd0000,0x0000000016ed0000)]
=>0x0000000012b82800 JavaThread "AWT-EventQueue-0" [_thread_in_native, id=5796, stack(0x0000000015be0000,0x0000000015ce0000)]
  0x0000000012b21000 JavaThread "AWT-Shutdown" [_thread_blocked, id=2884, stack(0x0000000013cb0000,0x0000000013db0000)]
  0x0000000012a89800 JavaThread "Java2D Disposer" daemon [_thread_blocked, id=5512, stack(0x0000000013280000,0x0000000013380000)]
  0x0000000010bf7000 JavaThread "Service Thread" daemon [_thread_blocked, id=2676, stack(0x00000000126e0000,0x00000000127e0000)]
  0x0000000010bf6800 JavaThread "C2 CompilerThread1" daemon [_thread_blocked, id=6548, stack(0x00000000124c0000,0x00000000125c0000)]
  0x0000000010bf1800 JavaThread "C2 CompilerThread0" daemon [_thread_blocked, id=1252, stack(0x0000000011f20000,0x0000000012020000)]
  0x0000000010bf0800 JavaThread "Attach Listener" daemon [_thread_blocked, id=2432, stack(0x00000000122c0000,0x00000000123c0000)]
  0x0000000010be9800 JavaThread "Signal Dispatcher" daemon [_thread_blocked, id=4368, stack(0x00000000121a0000,0x00000000122a0000)]
  0x0000000002058800 JavaThread "Finalizer" daemon [_thread_blocked, id=5776, stack(0x0000000012040000,0x0000000012140000)]
  0x0000000002052000 JavaThread "Reference Handler" daemon [_thread_blocked, id=6760, stack(0x0000000011df0000,0x0000000011ef0000)]
  0x000000000208c800 JavaThread "main" [_thread_blocked, id=728, stack(0x00000000022d0000,0x00000000023d0000)]

Other Threads:
  0x0000000010b53800 VMThread [stack: 0x0000000011b70000,0x0000000011c70000] [id=6964]
  0x0000000010c10000 WatcherThread [stack: 0x0000000012880000,0x0000000012980000] [id=5704]

VM state:not at safepoint (normal execution)

VM Mutex/Monitor currently owned by a thread: None

Heap
 PSYoungGen      total 75968K, used 13031K [0x00000007ab400000, 0x00000007b08c0000, 0x0000000800000000)
  eden space 65152K, 20% used [0x00000007ab400000,0x00000007ac0b9cf8,0x00000007af3a0000)
  from space 10816K, 0% used [0x00000007afe30000,0x00000007afe30000,0x00000007b08c0000)
  to   space 10816K, 0% used [0x00000007af3a0000,0x00000007af3a0000,0x00000007afe30000)
 ParOldGen       total 173568K, used 0K [0x0000000701c00000, 0x000000070c580000, 0x00000007ab400000)
  object space 173568K, 0% used [0x0000000701c00000,0x0000000701c00000,0x000000070c580000)
 PSPermGen       total 21248K, used 9221K [0x00000006fca00000, 0x00000006fdec0000, 0x0000000701c00000)
  object space 21248K, 43% used [0x00000006fca00000,0x00000006fd3016a0,0x00000006fdec0000)

Card table byte_map: [0x00000000053d0000,0x0000000005bf0000] byte_map_base: 0x0000000001beb000

Polling page: 0x0000000001f10000

Code Cache  [0x00000000023d0000, 0x0000000002640000, 0x00000000053d0000)
 total_blobs=482 nmethods=71 adapters=362 free_code_cache=48567Kb largest_free_block=49710848

Compilation events (10 events):
Event: 8.097 Thread 0x0000000010bf1800   67             java.util.concurrent.locks.ReentrantLock::lock (8 bytes)
Event: 8.098 Thread 0x0000000010bf1800 nmethod 67 0x0000000002462790 code [0x0000000002462900, 0x0000000002462a50]
Event: 8.308 Thread 0x0000000010bf6800   68             java.lang.Math::max (45 bytes)
Event: 8.309 Thread 0x0000000010bf6800 nmethod 68 0x000000000245fbd0 code [0x000000000245fd20, 0x000000000245fdb8]
Event: 8.708 Thread 0x0000000010bf1800   69             Character::updateRectangle (28 bytes)
Event: 8.709 Thread 0x0000000010bf1800 nmethod 69 0x0000000002462490 code [0x00000000024625e0, 0x00000000024626d8]
Event: 8.884 Thread 0x0000000010bf6800   70   !         sun.awt.AppContext::get (121 bytes)
Event: 8.888 Thread 0x0000000010bf6800 nmethod 70 0x0000000002463490 code [0x0000000002463620, 0x0000000002463ef8]
Event: 9.061 Thread 0x0000000010bf1800   71             java.util.HashMap::clear (39 bytes)
Event: 9.063 Thread 0x0000000010bf1800 nmethod 71 0x0000000002464910 code [0x0000000002464a40, 0x0000000002464b58]

GC Heap History (0 events):
No events

Deoptimization events (1 events):
Event: 0.114 Thread 0x000000000208c800 Uncommon trap -34 fr.pc 0x0000000002435930

Internal exceptions (10 events):
Event: 0.191 Thread 0x000000000208c800 Threw 0x00000007ab6827e0 at C:\jdk7u2_64p\jdk7u15\hotspot\src\share\vm\prims\jvm.cpp:1166
Event: 0.191 Thread 0x000000000208c800 Threw 0x00000007ab683558 at C:\jdk7u2_64p\jdk7u15\hotspot\src\share\vm\prims\jvm.cpp:1166
Event: 0.191 Thread 0x000000000208c800 Threw 0x00000007ab6878b8 at C:\jdk7u2_64p\jdk7u15\hotspot\src\share\vm\prims\jvm.cpp:1166
Event: 0.191 Thread 0x000000000208c800 Threw 0x00000007ab688630 at C:\jdk7u2_64p\jdk7u15\hotspot\src\share\vm\prims\jvm.cpp:1166
Event: 0.197 Thread 0x000000000208c800 Threw 0x00000007ab7eb198 at C:\jdk7u2_64p\jdk7u15\hotspot\src\share\vm\prims\jvm.cpp:1166
Event: 0.213 Thread 0x000000000208c800 Threw 0x00000007ab8121d8 at C:\jdk7u2_64p\jdk7u15\hotspot\src\share\vm\prims\jni.cpp:716
Event: 0.213 Thread 0x000000000208c800 Threw 0x00000007ab8127e0 at C:\jdk7u2_64p\jdk7u15\hotspot\src\share\vm\interpreter\linkResolver.cpp:805
Event: 0.218 Thread 0x000000000208c800 Threw 0x00000007ab8361f8 at C:\jdk7u2_64p\jdk7u15\hotspot\src\share\vm\prims\jvm.cpp:1166
Event: 0.218 Thread 0x000000000208c800 Threw 0x00000007ab836d00 at C:\jdk7u2_64p\jdk7u15\hotspot\src\share\vm\prims\jvm.cpp:1166
Event: 1.417 Thread 0x000000000208c800 Threw 0x00000007ab843770 at C:\jdk7u2_64p\jdk7u15\hotspot\src\share\vm\prims\jvm.cpp:1166

Events (10 events):
Event: 9.292 Thread 0x0000000012bc9800 Thread exited: 0x0000000012bc9800
Event: 9.292 Thread 0x0000000012c09000 Thread exited: 0x0000000012c09000
Event: 9.292 loading class 0x0000000010bd4990
Event: 9.292 loading class 0x0000000010bd4950
Event: 9.293 loading class 0x0000000010bd4950 done
Event: 9.293 loading class 0x0000000010bd4990 done
Event: 9.293 loading class 0x0000000012bec710
Event: 9.293 Thread 0x00000000129b1800 Thread exited: 0x00000000129b1800
Event: 9.293 loading class 0x0000000012bec710 done
Event: 9.306 Thread 0x0000000012b22000 Thread exited: 0x0000000012b22000


Dynamic libraries:
0x000000013ffa0000 - 0x000000013ffd3000 	C:\Windows\system32\java.exe
0x00000000773e0000 - 0x0000000077589000 	C:\Windows\SYSTEM32\ntdll.dll
0x00000000772c0000 - 0x00000000773df000 	C:\Windows\system32\kernel32.dll
0x000007fefd280000 - 0x000007fefd2ec000 	C:\Windows\system32\KERNELBASE.dll
0x000007fefe460000 - 0x000007fefe53b000 	C:\Windows\system32\ADVAPI32.dll
0x000007fefef20000 - 0x000007fefefbf000 	C:\Windows\system32\msvcrt.dll
0x000007fefe440000 - 0x000007fefe45f000 	C:\Windows\SYSTEM32\sechost.dll
0x000007feff510000 - 0x000007feff63d000 	C:\Windows\system32\RPCRT4.dll
0x00000000771c0000 - 0x00000000772ba000 	C:\Windows\system32\USER32.dll
0x000007feff640000 - 0x000007feff6a7000 	C:\Windows\system32\GDI32.dll
0x000007feff6e0000 - 0x000007feff6ee000 	C:\Windows\system32\LPK.dll
0x000007fefd560000 - 0x000007fefd629000 	C:\Windows\system32\USP10.dll
0x000007fefba10000 - 0x000007fefbc04000 	C:\Windows\WinSxS\amd64_microsoft.windows.common-controls_6595b64144ccf1df_6.0.7601.17514_none_fa396087175ac9ac\COMCTL32.dll
0x000007fefec50000 - 0x000007fefecc1000 	C:\Windows\system32\SHLWAPI.dll
0x000007feff6b0000 - 0x000007feff6de000 	C:\Windows\system32\IMM32.DLL
0x000007fefe790000 - 0x000007fefe899000 	C:\Windows\system32\MSCTF.dll
0x000007fefd0d0000 - 0x000007fefd102000 	C:\Windows\system32\nvinitx.dll
0x0000000052a30000 - 0x0000000052b01000 	C:\Program Files\Java\jre7\bin\msvcr100.dll
0x000000006ea70000 - 0x000000006f18f000 	C:\Program Files\Java\jre7\bin\server\jvm.dll
0x000007feef670000 - 0x000007feef679000 	C:\Windows\system32\WSOCK32.dll
0x000007fefefc0000 - 0x000007feff00d000 	C:\Windows\system32\WS2_32.dll
0x000007feff500000 - 0x000007feff508000 	C:\Windows\system32\NSI.dll
0x000007fef9dd0000 - 0x000007fef9e0b000 	C:\Windows\system32\WINMM.dll
0x00000000775a0000 - 0x00000000775a7000 	C:\Windows\system32\PSAPI.DLL
0x0000000070480000 - 0x000000007048f000 	C:\Program Files\Java\jre7\bin\verify.dll
0x0000000052d90000 - 0x0000000052db8000 	C:\Program Files\Java\jre7\bin\java.dll
0x000000005c490000 - 0x000000005c4a5000 	C:\Program Files\Java\jre7\bin\zip.dll
0x000007fefc850000 - 0x000007fefc868000 	C:\Windows\system32\CRYPTSP.dll
0x000007fefc330000 - 0x000007fefc377000 	C:\Windows\system32\rsaenh.dll
0x000007fefd4d0000 - 0x000007fefd4ee000 	C:\Windows\system32\USERENV.dll
0x000007fefd1b0000 - 0x000007fefd1bf000 	C:\Windows\system32\profapi.dll
0x000007fefd000000 - 0x000007fefd00f000 	C:\Windows\system32\CRYPTBASE.dll
0x0000000057440000 - 0x0000000057459000 	C:\Program Files\Java\jre7\bin\net.dll
0x000007fefc5f0000 - 0x000007fefc645000 	C:\Windows\system32\mswsock.dll
0x000007fefc5e0000 - 0x000007fefc5e7000 	C:\Windows\System32\wship6.dll
0x000007fefa8c0000 - 0x000007fefa8d5000 	C:\Windows\system32\NLAapi.dll
0x000007fef8a10000 - 0x000007fef8a25000 	C:\Windows\system32\napinsp.dll
0x000007fef89f0000 - 0x000007fef8a09000 	C:\Windows\system32\pnrpnsp.dll
0x000007fefc470000 - 0x000007fefc4cb000 	C:\Windows\system32\DNSAPI.dll
0x000007fef8d10000 - 0x000007fef8d1b000 	C:\Windows\System32\winrnr.dll
0x00000000727f0000 - 0x0000000072816000 	C:\Program Files\Bonjour\mdnsNSP.dll
0x000007fefa700000 - 0x000007fefa727000 	C:\Windows\system32\Iphlpapi.DLL
0x000007fefa6e0000 - 0x000007fefa6eb000 	C:\Windows\system32\WINNSI.DLL
0x000007fefcc60000 - 0x000007fefcc67000 	C:\Windows\System32\wshtcpip.dll
0x000007fef9820000 - 0x000007fef9828000 	C:\Windows\system32\rasadhlp.dll
0x000007fefa560000 - 0x000007fefa5b3000 	C:\Windows\System32\fwpuclnt.dll
0x0000000052d70000 - 0x0000000052d81000 	C:\Program Files\Java\jre7\bin\nio.dll
0x0000000052890000 - 0x0000000052a23000 	C:\Program Files\Java\jre7\bin\awt.dll
0x000007fefe8a0000 - 0x000007fefe977000 	C:\Windows\system32\OLEAUT32.dll
0x000007feff2f0000 - 0x000007feff4f3000 	C:\Windows\system32\ole32.dll
0x000007fefcbd0000 - 0x000007fefcbe8000 	C:\Windows\system32\DWMAPI.DLL
0x000007fefc9e0000 - 0x000007fefca36000 	C:\Windows\system32\uxtheme.dll
0x000007fef8070000 - 0x000007fef826f000 	C:\Windows\system32\d3d9.dll
0x000007fefcc50000 - 0x000007fefcc5c000 	C:\Windows\system32\VERSION.dll
0x000007fef8060000 - 0x000007fef8067000 	C:\Windows\system32\d3d8thk.dll
0x000007fefd6b0000 - 0x000007fefe439000 	C:\Windows\system32\Shell32.dll
0x0000000180000000 - 0x00000001802b1000 	C:\Windows\system32\nvspcap64.dll
0x0000000052c90000 - 0x0000000052cc4000 	C:\Program Files\Java\jre7\bin\fontmanager.dll
0x000007fefee80000 - 0x000007fefef19000 	C:\Windows\system32\CLBCatQ.DLL
0x000007fef8a30000 - 0x000007fef8b55000 	C:\Windows\system32\dbghelp.dll

VM Arguments:
java_command: GameWindow
Launcher Type: SUN_STANDARD

Environment Variables:
PATH=C:\Program Files (x86)\NVIDIA Corporation\PhysX\Common;C:\Program Files (x86)\Intel\iCLS Client\;C:\Program Files\Intel\iCLS Client\;C:\Windows\system32;C:\Windows;C:\Windows\System32\Wbem;C:\Windows\System32\WindowsPowerShell\v1.0\;C:\Program Files\Intel\Intel(R) Management Engine Components\DAL;C:\Program Files\Intel\Intel(R) Management Engine Components\IPT;C:\Program Files (x86)\Intel\Intel(R) Management Engine Components\DAL;C:\Program Files (x86)\Intel\Intel(R) Management Engine Components\IPT;C:\Program Files (x86)\Intel\OpenCL SDK\3.0\bin\x86;C:\Program Files (x86)\Intel\OpenCL SDK\3.0\bin\x64;C:\Program Files (x86)\MySQL\MySQL Utilities 1.3.6\;C:\Program Files (x86)\Microsoft SQL Server\100\Tools\Binn\;C:\Program Files\Microsoft SQL Server\100\Tools\Binn\;C:\Program Files\Microsoft SQL Server\100\DTS\Binn\;C:\Program Files\Microsoft\Web Platform Installer\;C:\Program Files (x86)\Microsoft ASP.NET\ASP.NET Web Pages\v1.0\;C:\Program Files (x86)\Windows Kits\8.0\Windows Performance Toolkit\;C:\Program Files\Microsoft SQL Server\110\Tools\Binn\; C:\Program Files (x86)\Java\jre7\bin;C:\Program Files\Java\jdk1.7.0_15\bin;;.;
USERNAME=RAFFY
OS=Windows_NT
PROCESSOR_IDENTIFIER=Intel64 Family 6 Model 60 Stepping 3, GenuineIntel



---------------  S Y S T E M  ---------------

OS: Windows 7 , 64 bit Build 7601 Service Pack 1

CPU:total 4 (4 cores per cpu, 1 threads per core) family 6 model 60 stepping 3, cmov, cx8, fxsr, mmx, sse, sse2, sse3, ssse3, sse4.1, sse4.2, popcnt, avx, avx2, tsc, tscinvbit

Memory: 4k page, physical 16662284k(12239976k free), swap 33322712k(27196776k free)

vm_info: Java HotSpot(TM) 64-Bit Server VM (23.7-b01) for windows-amd64 JRE (1.7.0_15-b03), built on Feb 15 2013 13:43:57 by "java_re" with unknown MS VC++:1600

time: Mon Mar 16 20:55:35 2015
elapsed time: 9 seconds

